Analysis & Synthesis report for 287Project
Tue Nov 19 15:58:53 2019
Quartus Prime Version 16.1.0 Build 196 10/24/2016 SJ Lite Edition


---------------------
; Table of Contents ;
---------------------
  1. Legal Notice
  2. Analysis & Synthesis Summary
  3. Analysis & Synthesis Settings
  4. Parallel Compilation
  5. Analysis & Synthesis Source Files Read
  6. Analysis & Synthesis Resource Usage Summary
  7. Analysis & Synthesis Resource Utilization by Entity
  8. General Register Statistics
  9. Parameter Settings for User Entity Instance: Top-level Entity: |ECE287Project
 10. Post-Synthesis Netlist Statistics for Top Partition
 11. Elapsed Time Per Partition
 12. Analysis & Synthesis Messages



----------------
; Legal Notice ;
----------------
Copyright (C) 2016  Intel Corporation. All rights reserved.
Your use of Intel Corporation's design tools, logic functions 
and other software and tools, and its AMPP partner logic 
functions, and any output files from any of the foregoing 
(including device programming or simulation files), and any 
associated documentation or information are expressly subject 
to the terms and conditions of the Intel Program License 
Subscription Agreement, the Intel Quartus Prime License Agreement,
the Intel MegaCore Function License Agreement, or other 
applicable license agreement, including, without limitation, 
that your use is for the sole purpose of programming logic 
devices manufactured by Intel and sold by Intel or its 
authorized distributors.  Please refer to the applicable 
agreement for further details.



+----------------------------------------------------------------------------------+
; Analysis & Synthesis Summary                                                     ;
+------------------------------------+---------------------------------------------+
; Analysis & Synthesis Status        ; Successful - Tue Nov 19 15:58:53 2019       ;
; Quartus Prime Version              ; 16.1.0 Build 196 10/24/2016 SJ Lite Edition ;
; Revision Name                      ; 287Project                                  ;
; Top-level Entity Name              ; ECE287project                               ;
; Family                             ; Cyclone IV E                                ;
; Total logic elements               ; 0                                           ;
;     Total combinational functions  ; 0                                           ;
;     Dedicated logic registers      ; 0                                           ;
; Total registers                    ; 0                                           ;
; Total pins                         ; 29                                          ;
; Total virtual pins                 ; 0                                           ;
; Total memory bits                  ; 0                                           ;
; Embedded Multiplier 9-bit elements ; 0                                           ;
; Total PLLs                         ; 0                                           ;
+------------------------------------+---------------------------------------------+


+----------------------------------------------------------------------------------------------------------------------+
; Analysis & Synthesis Settings                                                                                        ;
+----------------------------------------------------------------------------+--------------------+--------------------+
; Option                                                                     ; Setting            ; Default Value      ;
+----------------------------------------------------------------------------+--------------------+--------------------+
; Device                                                                     ; EP4CE115F29C7      ;                    ;
; Top-level entity name                                                      ; ECE287Project      ; 287Project         ;
; Family name                                                                ; Cyclone IV E       ; Cyclone V          ;
; Use smart compilation                                                      ; Off                ; Off                ;
; Enable parallel Assembler and TimeQuest Timing Analyzer during compilation ; On                 ; On                 ;
; Enable compact report table                                                ; Off                ; Off                ;
; Restructure Multiplexers                                                   ; Auto               ; Auto               ;
; Create Debugging Nodes for IP Cores                                        ; Off                ; Off                ;
; Preserve fewer node names                                                  ; On                 ; On                 ;
; OpenCore Plus hardware evaluation                                          ; Enable             ; Enable             ;
; Verilog Version                                                            ; Verilog_2001       ; Verilog_2001       ;
; VHDL Version                                                               ; VHDL_1993          ; VHDL_1993          ;
; State Machine Processing                                                   ; Auto               ; Auto               ;
; Safe State Machine                                                         ; Off                ; Off                ;
; Extract Verilog State Machines                                             ; On                 ; On                 ;
; Extract VHDL State Machines                                                ; On                 ; On                 ;
; Ignore Verilog initial constructs                                          ; Off                ; Off                ;
; Iteration limit for constant Verilog loops                                 ; 5000               ; 5000               ;
; Iteration limit for non-constant Verilog loops                             ; 250                ; 250                ;
; Add Pass-Through Logic to Inferred RAMs                                    ; On                 ; On                 ;
; Infer RAMs from Raw Logic                                                  ; On                 ; On                 ;
; Parallel Synthesis                                                         ; On                 ; On                 ;
; DSP Block Balancing                                                        ; Auto               ; Auto               ;
; NOT Gate Push-Back                                                         ; On                 ; On                 ;
; Power-Up Don't Care                                                        ; On                 ; On                 ;
; Remove Redundant Logic Cells                                               ; Off                ; Off                ;
; Remove Duplicate Registers                                                 ; On                 ; On                 ;
; Ignore CARRY Buffers                                                       ; Off                ; Off                ;
; Ignore CASCADE Buffers                                                     ; Off                ; Off                ;
; Ignore GLOBAL Buffers                                                      ; Off                ; Off                ;
; Ignore ROW GLOBAL Buffers                                                  ; Off                ; Off                ;
; Ignore LCELL Buffers                                                       ; Off                ; Off                ;
; Ignore SOFT Buffers                                                        ; On                 ; On                 ;
; Limit AHDL Integers to 32 Bits                                             ; Off                ; Off                ;
; Optimization Technique                                                     ; Balanced           ; Balanced           ;
; Carry Chain Length                                                         ; 70                 ; 70                 ;
; Auto Carry Chains                                                          ; On                 ; On                 ;
; Auto Open-Drain Pins                                                       ; On                 ; On                 ;
; Perform WYSIWYG Primitive Resynthesis                                      ; Off                ; Off                ;
; Auto ROM Replacement                                                       ; On                 ; On                 ;
; Auto RAM Replacement                                                       ; On                 ; On                 ;
; Auto DSP Block Replacement                                                 ; On                 ; On                 ;
; Auto Shift Register Replacement                                            ; Auto               ; Auto               ;
; Allow Shift Register Merging across Hierarchies                            ; Auto               ; Auto               ;
; Auto Clock Enable Replacement                                              ; On                 ; On                 ;
; Strict RAM Replacement                                                     ; Off                ; Off                ;
; Allow Synchronous Control Signals                                          ; On                 ; On                 ;
; Force Use of Synchronous Clear Signals                                     ; Off                ; Off                ;
; Auto RAM Block Balancing                                                   ; On                 ; On                 ;
; Auto RAM to Logic Cell Conversion                                          ; Off                ; Off                ;
; Auto Resource Sharing                                                      ; Off                ; Off                ;
; Allow Any RAM Size For Recognition                                         ; Off                ; Off                ;
; Allow Any ROM Size For Recognition                                         ; Off                ; Off                ;
; Allow Any Shift Register Size For Recognition                              ; Off                ; Off                ;
; Use LogicLock Constraints during Resource Balancing                        ; On                 ; On                 ;
; Ignore translate_off and synthesis_off directives                          ; Off                ; Off                ;
; Timing-Driven Synthesis                                                    ; On                 ; On                 ;
; Report Parameter Settings                                                  ; On                 ; On                 ;
; Report Source Assignments                                                  ; On                 ; On                 ;
; Report Connectivity Checks                                                 ; On                 ; On                 ;
; Ignore Maximum Fan-Out Assignments                                         ; Off                ; Off                ;
; Synchronization Register Chain Length                                      ; 2                  ; 2                  ;
; PowerPlay Power Optimization During Synthesis                              ; Normal compilation ; Normal compilation ;
; HDL message level                                                          ; Level2             ; Level2             ;
; Suppress Register Optimization Related Messages                            ; Off                ; Off                ;
; Number of Removed Registers Reported in Synthesis Report                   ; 5000               ; 5000               ;
; Number of Swept Nodes Reported in Synthesis Report                         ; 5000               ; 5000               ;
; Number of Inverted Registers Reported in Synthesis Report                  ; 100                ; 100                ;
; Clock MUX Protection                                                       ; On                 ; On                 ;
; Auto Gated Clock Conversion                                                ; Off                ; Off                ;
; Block Design Naming                                                        ; Auto               ; Auto               ;
; SDC constraint protection                                                  ; Off                ; Off                ;
; Synthesis Effort                                                           ; Auto               ; Auto               ;
; Shift Register Replacement - Allow Asynchronous Clear Signal               ; On                 ; On                 ;
; Pre-Mapping Resynthesis Optimization                                       ; Off                ; Off                ;
; Analysis & Synthesis Message Level                                         ; Medium             ; Medium             ;
; Disable Register Merging Across Hierarchies                                ; Auto               ; Auto               ;
; Resource Aware Inference For Block RAM                                     ; On                 ; On                 ;
+----------------------------------------------------------------------------+--------------------+--------------------+


+------------------------------------------+
; Parallel Compilation                     ;
+----------------------------+-------------+
; Processors                 ; Number      ;
+----------------------------+-------------+
; Number detected on machine ; 8           ;
; Maximum allowed            ; 4           ;
;                            ;             ;
; Average used               ; 1.00        ;
; Maximum used               ; 1           ;
;                            ;             ;
; Usage by Processor         ; % Time Used ;
;     Processor 1            ; 100.0%      ;
+----------------------------+-------------+


+-------------------------------------------------------------------------------------------------------------------+
; Analysis & Synthesis Source Files Read                                                                            ;
+----------------------------------+-----------------+-----------------+----------------------------------+---------+
; File Name with User-Entered Path ; Used in Netlist ; File Type       ; File Name with Absolute Path     ; Library ;
+----------------------------------+-----------------+-----------------+----------------------------------+---------+
; 287Project.vhd                   ; yes             ; User VHDL File  ; M:/287Lab/Project/287Project.vhd ;         ;
+----------------------------------+-----------------+-----------------+----------------------------------+---------+


+--------------------------------------------------------+
; Analysis & Synthesis Resource Usage Summary            ;
+---------------------------------------------+----------+
; Resource                                    ; Usage    ;
+---------------------------------------------+----------+
;                                             ;          ;
; Total combinational functions               ; 0        ;
; Logic element usage by number of LUT inputs ;          ;
;     -- 4 input functions                    ; 0        ;
;     -- 3 input functions                    ; 0        ;
;     -- <=2 input functions                  ; 0        ;
;                                             ;          ;
; Logic elements by mode                      ;          ;
;     -- normal mode                          ; 0        ;
;     -- arithmetic mode                      ; 0        ;
;                                             ;          ;
; Total registers                             ; 0        ;
;     -- Dedicated logic registers            ; 0        ;
;     -- I/O registers                        ; 0        ;
;                                             ;          ;
; I/O pins                                    ; 29       ;
;                                             ;          ;
; Embedded Multiplier 9-bit elements          ; 0        ;
;                                             ;          ;
; Maximum fan-out node                        ; input[0] ;
; Maximum fan-out                             ; 1        ;
; Total fan-out                               ; 29       ;
; Average fan-out                             ; 0.50     ;
+---------------------------------------------+----------+


+------------------------------------------------------------------------------------------------------------------------------------------------------------------------------------------------------------+
; Analysis & Synthesis Resource Utilization by Entity                                                                                                                                                        ;
+----------------------------+---------------------+---------------------------+-------------+--------------+---------+-----------+------+--------------+---------------------+---------------+--------------+
; Compilation Hierarchy Node ; Combinational ALUTs ; Dedicated Logic Registers ; Memory Bits ; DSP Elements ; DSP 9x9 ; DSP 18x18 ; Pins ; Virtual Pins ; Full Hierarchy Name ; Entity Name   ; Library Name ;
+----------------------------+---------------------+---------------------------+-------------+--------------+---------+-----------+------+--------------+---------------------+---------------+--------------+
; |ECE287project             ; 0 (0)               ; 0 (0)                     ; 0           ; 0            ; 0       ; 0         ; 29   ; 0            ; |ECE287project      ; ECE287project ; work         ;
+----------------------------+---------------------+---------------------------+-------------+--------------+---------+-----------+------+--------------+---------------------+---------------+--------------+
Note: For table entries with two numbers listed, the numbers in parentheses indicate the number of resources of the given type used by the specific entity alone. The numbers listed outside of parentheses indicate the total resources of the given type used by the specific entity and all of its sub-entities in the hierarchy.


+------------------------------------------------------+
; General Register Statistics                          ;
+----------------------------------------------+-------+
; Statistic                                    ; Value ;
+----------------------------------------------+-------+
; Total registers                              ; 0     ;
; Number of registers using Synchronous Clear  ; 0     ;
; Number of registers using Synchronous Load   ; 0     ;
; Number of registers using Asynchronous Clear ; 0     ;
; Number of registers using Asynchronous Load  ; 0     ;
; Number of registers using Clock Enable       ; 0     ;
; Number of registers using Preset             ; 0     ;
+----------------------------------------------+-------+


+-------------------------------------------------------------------------------+
; Parameter Settings for User Entity Instance: Top-level Entity: |ECE287Project ;
+----------------+-------+------------------------------------------------------+
; Parameter Name ; Value ; Type                                                 ;
+----------------+-------+------------------------------------------------------+
; d_width        ; 8     ; Signed Integer                                       ;
; size           ; 64    ; Signed Integer                                       ;
+----------------+-------+------------------------------------------------------+
Note: In order to hide this table in the UI and the text report file, please set the "Show Parameter Settings in Synthesis Report" option in "Analysis and Synthesis Settings -> More Settings" to "Off".


+-----------------------------------------------------+
; Post-Synthesis Netlist Statistics for Top Partition ;
+-----------------------+-----------------------------+
; Type                  ; Count                       ;
+-----------------------+-----------------------------+
; boundary_port         ; 29                          ;
; cycloneiii_lcell_comb ; 1                           ;
;     normal            ; 1                           ;
;         0 data inputs ; 1                           ;
;                       ;                             ;
; Max LUT depth         ; 0.00                        ;
; Average LUT depth     ; 0.00                        ;
+-----------------------+-----------------------------+


+-------------------------------+
; Elapsed Time Per Partition    ;
+----------------+--------------+
; Partition Name ; Elapsed Time ;
+----------------+--------------+
; Top            ; 00:00:00     ;
+----------------+--------------+


+-------------------------------+
; Analysis & Synthesis Messages ;
+-------------------------------+
Info: *******************************************************************
Info: Running Quartus Prime Analysis & Synthesis
    Info: Version 16.1.0 Build 196 10/24/2016 SJ Lite Edition
    Info: Processing started: Tue Nov 19 15:58:42 2019
Info: Command: quartus_map --read_settings_files=on --write_settings_files=off 287Project -c 287Project
Warning (18236): Number of processors has not been specified which may cause overloading on shared machines.  Set the global assignment NUM_PARALLEL_PROCESSORS in your QSF to an appropriate value for best performance.
Info (20030): Parallel compilation is enabled and will use 4 of the 4 processors detected
Info (12021): Found 2 design units, including 1 entities, in source file ram.vhd
    Info (12022): Found design unit 1: ram-logic File: M:/287Lab/Project/ram.vhd Line: 38
    Info (12023): Found entity 1: ram File: M:/287Lab/Project/ram.vhd Line: 26
Info (12021): Found 2 design units, including 1 entities, in source file ps2_keyboard_to_ascii.vhd
    Info (12022): Found design unit 1: ps2_keyboard_to_ascii-behavior File: M:/287Lab/Project/ps2_keyboard_to_ascii.vhd Line: 38
    Info (12023): Found entity 1: ps2_keyboard_to_ascii File: M:/287Lab/Project/ps2_keyboard_to_ascii.vhd Line: 26
Info (12021): Found 2 design units, including 1 entities, in source file ps2_keyboard.vhd
    Info (12022): Found design unit 1: ps2_keyboard-logic File: M:/287Lab/Project/ps2_keyboard.vhd Line: 38
    Info (12023): Found entity 1: ps2_keyboard File: M:/287Lab/Project/ps2_keyboard.vhd Line: 26
Info (12021): Found 2 design units, including 1 entities, in source file debounce.vhd
    Info (12022): Found design unit 1: debounce-logic File: M:/287Lab/Project/debounce.vhd Line: 36
    Info (12023): Found entity 1: debounce File: M:/287Lab/Project/debounce.vhd Line: 27
Info (12021): Found 6 design units, including 3 entities, in source file 287project.vhd
    Info (12022): Found design unit 1: alu-behavioral File: M:/287Lab/Project/287Project.vhd Line: 21
    Info (12022): Found design unit 2: HZ1_Clk-Behavior File: M:/287Lab/Project/287Project.vhd Line: 83
    Info (12022): Found design unit 3: ECE287project-behavior File: M:/287Lab/Project/287Project.vhd Line: 126
    Info (12023): Found entity 1: alu File: M:/287Lab/Project/287Project.vhd Line: 7
    Info (12023): Found entity 2: HZ1_Clk File: M:/287Lab/Project/287Project.vhd Line: 77
    Info (12023): Found entity 3: ECE287project File: M:/287Lab/Project/287Project.vhd Line: 113
Info (12021): Found 2 design units, including 1 entities, in source file instdecode.vhd
    Info (12022): Found design unit 1: decode-Behavioral File: M:/287Lab/Project/instDecode.vhd Line: 17
    Info (12023): Found entity 1: decode File: M:/287Lab/Project/instDecode.vhd Line: 5
Warning (12019): Can't analyze file -- file output_files/controlUnit.vhd is missing
Info (12021): Found 2 design units, including 1 entities, in source file register8.vhd
    Info (12022): Found design unit 1: register8-description File: M:/287Lab/Project/register8.vhd Line: 15
    Info (12023): Found entity 1: register8 File: M:/287Lab/Project/register8.vhd Line: 6
Info (12127): Elaborating entity "ECE287Project" for the top level hierarchy
Warning (10541): VHDL Signal Declaration warning at 287Project.vhd(123): used implicit default value for signal "output" because signal was never assigned a value or an explicit default value. Use of implicit default value may introduce unintended design optimizations. File: M:/287Lab/Project/287Project.vhd Line: 123
Warning (13024): Output pins are stuck at VCC or GND
    Warning (13410): Pin "output[0]" is stuck at GND File: M:/287Lab/Project/287Project.vhd Line: 123
    Warning (13410): Pin "output[1]" is stuck at GND File: M:/287Lab/Project/287Project.vhd Line: 123
    Warning (13410): Pin "output[2]" is stuck at GND File: M:/287Lab/Project/287Project.vhd Line: 123
    Warning (13410): Pin "output[3]" is stuck at GND File: M:/287Lab/Project/287Project.vhd Line: 123
    Warning (13410): Pin "output[4]" is stuck at GND File: M:/287Lab/Project/287Project.vhd Line: 123
    Warning (13410): Pin "output[5]" is stuck at GND File: M:/287Lab/Project/287Project.vhd Line: 123
    Warning (13410): Pin "output[6]" is stuck at GND File: M:/287Lab/Project/287Project.vhd Line: 123
    Warning (13410): Pin "output[7]" is stuck at GND File: M:/287Lab/Project/287Project.vhd Line: 123
Info (16010): Generating hard_block partition "hard_block:auto_generated_inst"
    Info (16011): Adding 0 node(s), including 0 DDIO, 0 PLL, 0 transceiver and 0 LCELL
Warning (21074): Design contains 21 input pin(s) that do not drive logic
    Warning (15610): No output dependent on input pin "input[0]" File: M:/287Lab/Project/287Project.vhd Line: 117
    Warning (15610): No output dependent on input pin "input[1]" File: M:/287Lab/Project/287Project.vhd Line: 117
    Warning (15610): No output dependent on input pin "input[2]" File: M:/287Lab/Project/287Project.vhd Line: 117
    Warning (15610): No output dependent on input pin "input[3]" File: M:/287Lab/Project/287Project.vhd Line: 117
    Warning (15610): No output dependent on input pin "input[4]" File: M:/287Lab/Project/287Project.vhd Line: 117
    Warning (15610): No output dependent on input pin "input[5]" File: M:/287Lab/Project/287Project.vhd Line: 117
    Warning (15610): No output dependent on input pin "input[6]" File: M:/287Lab/Project/287Project.vhd Line: 117
    Warning (15610): No output dependent on input pin "input[7]" File: M:/287Lab/Project/287Project.vhd Line: 117
    Warning (15610): No output dependent on input pin "input[8]" File: M:/287Lab/Project/287Project.vhd Line: 117
    Warning (15610): No output dependent on input pin "input[9]" File: M:/287Lab/Project/287Project.vhd Line: 117
    Warning (15610): No output dependent on input pin "input[10]" File: M:/287Lab/Project/287Project.vhd Line: 117
    Warning (15610): No output dependent on input pin "input[11]" File: M:/287Lab/Project/287Project.vhd Line: 117
    Warning (15610): No output dependent on input pin "input[12]" File: M:/287Lab/Project/287Project.vhd Line: 117
    Warning (15610): No output dependent on input pin "input[13]" File: M:/287Lab/Project/287Project.vhd Line: 117
    Warning (15610): No output dependent on input pin "input[14]" File: M:/287Lab/Project/287Project.vhd Line: 117
    Warning (15610): No output dependent on input pin "input[15]" File: M:/287Lab/Project/287Project.vhd Line: 117
    Warning (15610): No output dependent on input pin "ps2_clk" File: M:/287Lab/Project/287Project.vhd Line: 118
    Warning (15610): No output dependent on input pin "ps2_data" File: M:/287Lab/Project/287Project.vhd Line: 119
    Warning (15610): No output dependent on input pin "ie" File: M:/287Lab/Project/287Project.vhd Line: 120
    Warning (15610): No output dependent on input pin "clr" File: M:/287Lab/Project/287Project.vhd Line: 121
    Warning (15610): No output dependent on input pin "clk_50MHz" File: M:/287Lab/Project/287Project.vhd Line: 122
Info (21057): Implemented 29 device resources after synthesis - the final resource count might be different
    Info (21058): Implemented 21 input pins
    Info (21059): Implemented 8 output pins
Info: Quartus Prime Analysis & Synthesis was successful. 0 errors, 34 warnings
    Info: Peak virtual memory: 4810 megabytes
    Info: Processing ended: Tue Nov 19 15:58:53 2019
    Info: Elapsed time: 00:00:11
    Info: Total CPU time (on all processors): 00:00:19


